

Started GET "/" for 127.0.0.1 at 2012-03-31 16:40:11 -0400
  Processing by PostsController#index as HTML
  [1m[36mPost Load (0.4ms)[0m  [1mSELECT "posts".* FROM "posts"[0m
SQLite3::SQLException: no such table: posts: SELECT "posts".* FROM "posts"
Completed   in 41ms

ActiveRecord::StatementInvalid (SQLite3::SQLException: no such table: posts: SELECT "posts".* FROM "posts"):
  app/controllers/posts_controller.rb:3:in `index'

Rendered /Volumes/dsumlin/.rvm/gems/ruby-1.9.3-p0/gems/actionpack-3.0.3/lib/action_dispatch/middleware/templates/rescues/_trace.erb (1.1ms)
Rendered /Volumes/dsumlin/.rvm/gems/ruby-1.9.3-p0/gems/actionpack-3.0.3/lib/action_dispatch/middleware/templates/rescues/_request_and_response.erb (2.0ms)
Rendered /Volumes/dsumlin/.rvm/gems/ruby-1.9.3-p0/gems/actionpack-3.0.3/lib/action_dispatch/middleware/templates/rescues/diagnostics.erb within rescues/layout (6.8ms)


Started GET "/" for 127.0.0.1 at 2012-03-31 16:40:49 -0400
  Processing by PostsController#index as HTML
  [1m[35mPost Load (0.3ms)[0m  SELECT "posts".* FROM "posts"
SQLite3::SQLException: no such table: posts: SELECT "posts".* FROM "posts"
Completed   in 9ms

ActiveRecord::StatementInvalid (SQLite3::SQLException: no such table: posts: SELECT "posts".* FROM "posts"):
  app/controllers/posts_controller.rb:3:in `index'

Rendered /Volumes/dsumlin/.rvm/gems/ruby-1.9.3-p0/gems/actionpack-3.0.3/lib/action_dispatch/middleware/templates/rescues/_trace.erb (2.4ms)
Rendered /Volumes/dsumlin/.rvm/gems/ruby-1.9.3-p0/gems/actionpack-3.0.3/lib/action_dispatch/middleware/templates/rescues/_request_and_response.erb (3.6ms)
Rendered /Volumes/dsumlin/.rvm/gems/ruby-1.9.3-p0/gems/actionpack-3.0.3/lib/action_dispatch/middleware/templates/rescues/diagnostics.erb within rescues/layout (10.4ms)


Started GET "/" for 127.0.0.1 at 2012-03-31 16:41:13 -0400
  Processing by PostsController#index as HTML
  [1m[36mPost Load (0.4ms)[0m  [1mSELECT "posts".* FROM "posts"[0m
SQLite3::SQLException: no such table: posts: SELECT "posts".* FROM "posts"
Completed   in 45ms

ActiveRecord::StatementInvalid (SQLite3::SQLException: no such table: posts: SELECT "posts".* FROM "posts"):
  app/controllers/posts_controller.rb:3:in `index'

Rendered /Volumes/dsumlin/.rvm/gems/ruby-1.9.3-p0/gems/actionpack-3.0.3/lib/action_dispatch/middleware/templates/rescues/_trace.erb (1.7ms)
Rendered /Volumes/dsumlin/.rvm/gems/ruby-1.9.3-p0/gems/actionpack-3.0.3/lib/action_dispatch/middleware/templates/rescues/_request_and_response.erb (3.2ms)
Rendered /Volumes/dsumlin/.rvm/gems/ruby-1.9.3-p0/gems/actionpack-3.0.3/lib/action_dispatch/middleware/templates/rescues/diagnostics.erb within rescues/layout (9.3ms)


Started GET "/" for 127.0.0.1 at 2012-03-31 16:54:39 -0400
  Processing by PostsController#index as HTML
  [1m[35mPost Load (0.2ms)[0m  SELECT "posts".* FROM "posts"
SQLite3::SQLException: no such table: posts: SELECT "posts".* FROM "posts"
Completed   in 8ms

ActiveRecord::StatementInvalid (SQLite3::SQLException: no such table: posts: SELECT "posts".* FROM "posts"):
  app/controllers/posts_controller.rb:3:in `index'

Rendered /Volumes/dsumlin/.rvm/gems/ruby-1.9.3-p0/gems/actionpack-3.0.3/lib/action_dispatch/middleware/templates/rescues/_trace.erb (1.5ms)
Rendered /Volumes/dsumlin/.rvm/gems/ruby-1.9.3-p0/gems/actionpack-3.0.3/lib/action_dispatch/middleware/templates/rescues/_request_and_response.erb (2.1ms)
Rendered /Volumes/dsumlin/.rvm/gems/ruby-1.9.3-p0/gems/actionpack-3.0.3/lib/action_dispatch/middleware/templates/rescues/diagnostics.erb within rescues/layout (7.2ms)


Started GET "/" for 127.0.0.1 at 2012-03-31 19:57:31 -0400
  Processing by PostsController#index as HTML
  [1m[36mPost Load (0.4ms)[0m  [1mSELECT "posts".* FROM "posts"[0m
SQLite3::SQLException: no such table: posts: SELECT "posts".* FROM "posts"
Completed   in 42ms

ActiveRecord::StatementInvalid (SQLite3::SQLException: no such table: posts: SELECT "posts".* FROM "posts"):
  app/controllers/posts_controller.rb:3:in `index'

Rendered /Volumes/dsumlin/.rvm/gems/ruby-1.9.3-p0/gems/actionpack-3.0.3/lib/action_dispatch/middleware/templates/rescues/_trace.erb (1.0ms)
Rendered /Volumes/dsumlin/.rvm/gems/ruby-1.9.3-p0/gems/actionpack-3.0.3/lib/action_dispatch/middleware/templates/rescues/_request_and_response.erb (2.4ms)
Rendered /Volumes/dsumlin/.rvm/gems/ruby-1.9.3-p0/gems/actionpack-3.0.3/lib/action_dispatch/middleware/templates/rescues/diagnostics.erb within rescues/layout (12.2ms)
  [1m[36mSQL (0.3ms)[0m  [1m SELECT name
 FROM sqlite_master
 WHERE type = 'table' AND NOT name = 'sqlite_sequence'
[0m
  [1m[35mSQL (0.1ms)[0m  select sqlite_version(*)
  [1m[36mSQL (4.8ms)[0m  [1mCREATE TABLE "schema_migrations" ("version" varchar(255) NOT NULL) [0m
  [1m[35mSQL (0.1ms)[0m  PRAGMA index_list("schema_migrations")
  [1m[36mSQL (1.6ms)[0m  [1mCREATE UNIQUE INDEX "unique_schema_migrations" ON "schema_migrations" ("version")[0m
  [1m[35mSQL (0.2ms)[0m   SELECT name
 FROM sqlite_master
 WHERE type = 'table' AND NOT name = 'sqlite_sequence'
  [1m[36mSQL (0.2ms)[0m  [1m SELECT name
 FROM sqlite_master
 WHERE type = 'table' AND NOT name = 'sqlite_sequence'
[0m
  [1m[35mSQL (0.2ms)[0m  SELECT "schema_migrations"."version" FROM "schema_migrations"
Migrating to CreatePosts (20110205203002)
  [1m[36mSQL (0.5ms)[0m  [1mCREATE TABLE "posts" ("id" INTEGER PRIMARY KEY AUTOINCREMENT NOT NULL, "title" varchar(255), "content" text, "created_at" datetime, "updated_at" datetime) [0m
  [1m[35mSQL (0.1ms)[0m  INSERT INTO "schema_migrations" ("version") VALUES ('20110205203002')
Migrating to CreateAssets (20110206230324)
  [1m[36mSQL (0.4ms)[0m  [1mCREATE TABLE "assets" ("id" INTEGER PRIMARY KEY AUTOINCREMENT NOT NULL, "asset_file_name" varchar(255), "asset_content_type" varchar(255), "asset_file_size" integer, "asset_updated_at" datetime, "post_id" integer, "created_at" datetime, "updated_at" datetime) [0m
  [1m[35mSQL (0.1ms)[0m  INSERT INTO "schema_migrations" ("version") VALUES ('20110206230324')
  [1m[36mSQL (0.2ms)[0m  [1m SELECT name
 FROM sqlite_master
 WHERE type = 'table' AND NOT name = 'sqlite_sequence'
[0m
  [1m[35mSQL (0.1ms)[0m  SELECT "schema_migrations"."version" FROM "schema_migrations"
  [1m[36mSQL (0.1ms)[0m  [1m SELECT name
 FROM sqlite_master
 WHERE type = 'table' AND NOT name = 'sqlite_sequence'
[0m
  [1m[35mSQL (0.0ms)[0m  PRAGMA index_list("assets")
  [1m[36mSQL (0.0ms)[0m  [1mPRAGMA index_list("posts")[0m


Started GET "/" for 127.0.0.1 at 2012-03-31 19:58:22 -0400
  Processing by PostsController#index as HTML
  [1m[35mPost Load (0.4ms)[0m  SELECT "posts".* FROM "posts"
Rendered posts/index.html.erb within layouts/application (2.3ms)
Completed 200 OK in 29ms (Views: 6.2ms | ActiveRecord: 0.4ms)


Started GET "/posts/new" for 127.0.0.1 at 2012-03-31 19:58:26 -0400
  Processing by PostsController#new as HTML
DEPRECATION WARNING: <% %> style block helpers are deprecated. Please use <%= %>. (called from block in _app_views_posts__form_html_erb___3245285310786946252_70322816864780__1899347420526471136 at /Volumes/dsumlin/rails_projects/paperclip-rails3/app/views/posts/_form.html.erb:14)
DEPRECATION WARNING: <% %> style block helpers are deprecated. Please use <%= %>. (called from block in _app_views_posts__form_html_erb___3245285310786946252_70322816864780__1899347420526471136 at /Volumes/dsumlin/rails_projects/paperclip-rails3/app/views/posts/_form.html.erb:27)
Rendered posts/_form.html.erb (48.6ms)
Rendered posts/new.html.erb within layouts/application (53.2ms)
Completed 200 OK in 107ms (Views: 75.8ms | ActiveRecord: 0.0ms)


Started POST "/posts" for 127.0.0.1 at 2012-03-31 19:58:49 -0400
  Processing by PostsController#create as HTML
  Parameters: {"utf8"=>"✓", "authenticity_token"=>"G9hXEvvCvepDQB1Et8DdRvUEjGSfOM43FeXNGIurmb4=", "post"=>{"title"=>"fff", "content"=>"fff", "assets_attributes"=>{"0"=>{"asset"=>#<ActionDispatch::Http::UploadedFile:0x007fea9c4e6518 @original_filename="Possessed_1w.jpg", @content_type="image/jpeg", @headers="Content-Disposition: form-data; name=\"post[assets_attributes][0][asset]\"; filename=\"Possessed_1w.jpg\"\r\nContent-Type: image/jpeg\r\n", @tempfile=#<File:/var/folders/tt/_pyrwdsx0rb0jt9w9w745bgw0000gn/T/RackMultipart20120331-4491-1xm7b5w>>}}}, "commit"=>"Create Post"}
[paperclip] identify -format %wx%h '/var/folders/tt/_pyrwdsx0rb0jt9w9w745bgw0000gn/T/stream20120331-4491-z8g2dj.jpg[0]' 2>/dev/null
[paperclip] convert '/var/folders/tt/_pyrwdsx0rb0jt9w9w745bgw0000gn/T/stream20120331-4491-z8g2dj.jpg[0]' -resize "640x480" '/var/folders/tt/_pyrwdsx0rb0jt9w9w745bgw0000gn/T/stream20120331-4491-z8g2dj20120331-4491-xsl7dt' 2>/dev/null
[paperclip] identify -format %wx%h '/var/folders/tt/_pyrwdsx0rb0jt9w9w745bgw0000gn/T/stream20120331-4491-z8g2dj.jpg[0]' 2>/dev/null
[paperclip] convert '/var/folders/tt/_pyrwdsx0rb0jt9w9w745bgw0000gn/T/stream20120331-4491-z8g2dj.jpg[0]' -resize "300x300>" '/var/folders/tt/_pyrwdsx0rb0jt9w9w745bgw0000gn/T/stream20120331-4491-z8g2dj20120331-4491-16a37s7' 2>/dev/null
[paperclip] identify -format %wx%h '/var/folders/tt/_pyrwdsx0rb0jt9w9w745bgw0000gn/T/stream20120331-4491-z8g2dj.jpg[0]' 2>/dev/null
[paperclip] convert '/var/folders/tt/_pyrwdsx0rb0jt9w9w745bgw0000gn/T/stream20120331-4491-z8g2dj.jpg[0]' -resize "100x100>" '/var/folders/tt/_pyrwdsx0rb0jt9w9w745bgw0000gn/T/stream20120331-4491-z8g2dj20120331-4491-fpbmzo' 2>/dev/null
  [1m[36mSQL (0.2ms)[0m  [1m SELECT name
 FROM sqlite_master
 WHERE type = 'table' AND NOT name = 'sqlite_sequence'
[0m
  [1m[35mAREL (0.3ms)[0m  INSERT INTO "posts" ("title", "content", "created_at", "updated_at") VALUES ('fff', 'fff', '2012-03-31 23:58:56.021618', '2012-03-31 23:58:56.021618')
  [1m[36mAREL (0.1ms)[0m  [1mINSERT INTO "assets" ("asset_file_name", "asset_content_type", "asset_file_size", "asset_updated_at", "post_id", "created_at", "updated_at") VALUES ('Possessed_1w.jpg', 'image/jpeg', 9425024, '2012-03-31 23:58:49.493274', 1, '2012-03-31 23:58:56.026770', '2012-03-31 23:58:56.026770')[0m
[paperclip] Saving attachments.
[paperclip] saving /Volumes/dsumlin/rails_projects/paperclip-rails3/public/system/assets/1/original/Possessed_1w.jpg
[paperclip] saving /Volumes/dsumlin/rails_projects/paperclip-rails3/public/system/assets/1/large/Possessed_1w.jpg
[paperclip] saving /Volumes/dsumlin/rails_projects/paperclip-rails3/public/system/assets/1/medium/Possessed_1w.jpg
[paperclip] saving /Volumes/dsumlin/rails_projects/paperclip-rails3/public/system/assets/1/thumb/Possessed_1w.jpg
Redirected to http://localhost:3000/posts/1
Completed 302 Found in 6878ms


Started GET "/posts/1" for 127.0.0.1 at 2012-03-31 19:58:56 -0400
  Processing by PostsController#show as HTML
  Parameters: {"id"=>"1"}
  [1m[35mPost Load (0.1ms)[0m  SELECT "posts".* FROM "posts" WHERE ("posts"."id" = 1) LIMIT 1
  [1m[36mAsset Load (0.3ms)[0m  [1mSELECT "assets".* FROM "assets" WHERE ("assets".post_id = 1)[0m
Rendered posts/show.html.erb within layouts/application (26.7ms)
Completed 200 OK in 38ms (Views: 29.3ms | ActiveRecord: 1.1ms)


Started GET "/posts/1" for 127.0.0.1 at 2012-03-31 20:11:32 -0400
  Processing by PostsController#show as HTML
  Parameters: {"id"=>"1"}
  [1m[36mSQL (0.5ms)[0m  [1m SELECT name
 FROM sqlite_master
 WHERE type = 'table' AND NOT name = 'sqlite_sequence'
[0m
  [1m[35mPost Load (0.1ms)[0m  SELECT "posts".* FROM "posts" WHERE ("posts"."id" = 1) LIMIT 1
  [1m[36mAsset Load (0.3ms)[0m  [1mSELECT "assets".* FROM "assets" WHERE ("assets".post_id = 1)[0m
Rendered posts/show.html.erb within layouts/application (51.0ms)
Completed 200 OK in 97ms (Views: 53.5ms | ActiveRecord: 0.9ms)


Started POST "/posts/1" for 127.0.0.1 at 2012-03-31 20:11:42 -0400
  Processing by PostsController#destroy as HTML
  Parameters: {"authenticity_token"=>"G9hXEvvCvepDQB1Et8DdRvUEjGSfOM43FeXNGIurmb4=", "id"=>"1"}
  [1m[35mPost Load (0.2ms)[0m  SELECT "posts".* FROM "posts" WHERE ("posts"."id" = 1) LIMIT 1
  [1m[36mAREL (0.3ms)[0m  [1mDELETE FROM "posts" WHERE ("posts"."id" = 1)[0m
Redirected to http://localhost:3000/posts
Completed 302 Found in 20ms


Started GET "/posts" for 127.0.0.1 at 2012-03-31 20:11:42 -0400
  Processing by PostsController#index as HTML
  [1m[35mPost Load (0.3ms)[0m  SELECT "posts".* FROM "posts"
Rendered posts/index.html.erb within layouts/application (2.1ms)
Completed 200 OK in 12ms (Views: 4.8ms | ActiveRecord: 0.8ms)


Started GET "/posts/new" for 127.0.0.1 at 2012-03-31 20:15:27 -0400
  Processing by PostsController#new as HTML
DEPRECATION WARNING: <% %> style block helpers are deprecated. Please use <%= %>. (called from block in _app_views_posts__form_html_erb__2669940628417508754_70362542874160_2547220339662859237 at /Volumes/dsumlin/rails_projects/starscream/app/views/posts/_form.html.erb:14)
DEPRECATION WARNING: <% %> style block helpers are deprecated. Please use <%= %>. (called from block in _app_views_posts__form_html_erb__2669940628417508754_70362542874160_2547220339662859237 at /Volumes/dsumlin/rails_projects/starscream/app/views/posts/_form.html.erb:27)
Rendered posts/_form.html.erb (6.7ms)
Rendered posts/new.html.erb within layouts/application (9.3ms)
Completed 200 OK in 60ms (Views: 11.9ms | ActiveRecord: 0.0ms)


Started POST "/posts" for 127.0.0.1 at 2012-03-31 20:15:59 -0400
  Processing by PostsController#create as HTML
  Parameters: {"utf8"=>"✓", "authenticity_token"=>"G9hXEvvCvepDQB1Et8DdRvUEjGSfOM43FeXNGIurmb4=", "post"=>{"title"=>"", "content"=>"", "assets_attributes"=>{"0"=>{"asset"=>#<ActionDispatch::Http::UploadedFile:0x007ffd1ea865d8 @original_filename="1440x900_zixpk_hd_wallpaper_215.jpg", @content_type="image/jpeg", @headers="Content-Disposition: form-data; name=\"post[assets_attributes][0][asset]\"; filename=\"1440x900_zixpk_hd_wallpaper_215.jpg\"\r\nContent-Type: image/jpeg\r\n", @tempfile=#<File:/var/folders/tt/_pyrwdsx0rb0jt9w9w745bgw0000gn/T/RackMultipart20120331-4679-15pqlu9>>}}}, "commit"=>"Create Post"}
[paperclip] identify -format %wx%h '/var/folders/tt/_pyrwdsx0rb0jt9w9w745bgw0000gn/T/stream20120331-4679-ra2rc7.jpg[0]' 2>/dev/null
[paperclip] convert '/var/folders/tt/_pyrwdsx0rb0jt9w9w745bgw0000gn/T/stream20120331-4679-ra2rc7.jpg[0]' -resize "640x480" '/var/folders/tt/_pyrwdsx0rb0jt9w9w745bgw0000gn/T/stream20120331-4679-ra2rc720120331-4679-319q6g' 2>/dev/null
[paperclip] identify -format %wx%h '/var/folders/tt/_pyrwdsx0rb0jt9w9w745bgw0000gn/T/stream20120331-4679-ra2rc7.jpg[0]' 2>/dev/null
[paperclip] convert '/var/folders/tt/_pyrwdsx0rb0jt9w9w745bgw0000gn/T/stream20120331-4679-ra2rc7.jpg[0]' -resize "300x300>" '/var/folders/tt/_pyrwdsx0rb0jt9w9w745bgw0000gn/T/stream20120331-4679-ra2rc720120331-4679-rn4oji' 2>/dev/null
[paperclip] identify -format %wx%h '/var/folders/tt/_pyrwdsx0rb0jt9w9w745bgw0000gn/T/stream20120331-4679-ra2rc7.jpg[0]' 2>/dev/null
[paperclip] convert '/var/folders/tt/_pyrwdsx0rb0jt9w9w745bgw0000gn/T/stream20120331-4679-ra2rc7.jpg[0]' -resize "100x100>" '/var/folders/tt/_pyrwdsx0rb0jt9w9w745bgw0000gn/T/stream20120331-4679-ra2rc720120331-4679-1dc4ju0' 2>/dev/null
  [1m[36mAREL (0.3ms)[0m  [1mINSERT INTO "posts" ("title", "content", "created_at", "updated_at") VALUES ('', '', '2012-04-01 00:16:00.218333', '2012-04-01 00:16:00.218333')[0m
  [1m[35mAREL (0.2ms)[0m  INSERT INTO "assets" ("asset_file_name", "asset_content_type", "asset_file_size", "asset_updated_at", "post_id", "created_at", "updated_at") VALUES ('1440x900_zixpk_hd_wallpaper_215.jpg', 'image/jpeg', 356230, '2012-04-01 00:15:59.747241', 2, '2012-04-01 00:16:00.223426', '2012-04-01 00:16:00.223426')
[paperclip] Saving attachments.
[paperclip] saving /Volumes/dsumlin/rails_projects/starscream/public/system/assets/2/original/1440x900_zixpk_hd_wallpaper_215.jpg
[paperclip] saving /Volumes/dsumlin/rails_projects/starscream/public/system/assets/2/large/1440x900_zixpk_hd_wallpaper_215.jpg
[paperclip] saving /Volumes/dsumlin/rails_projects/starscream/public/system/assets/2/medium/1440x900_zixpk_hd_wallpaper_215.jpg
[paperclip] saving /Volumes/dsumlin/rails_projects/starscream/public/system/assets/2/thumb/1440x900_zixpk_hd_wallpaper_215.jpg
Redirected to http://localhost:3000/posts/2
Completed 302 Found in 584ms


Started GET "/posts/2" for 127.0.0.1 at 2012-03-31 20:16:00 -0400
  Processing by PostsController#show as HTML
  Parameters: {"id"=>"2"}
  [1m[36mPost Load (0.3ms)[0m  [1mSELECT "posts".* FROM "posts" WHERE ("posts"."id" = 2) LIMIT 1[0m
  [1m[35mAsset Load (0.2ms)[0m  SELECT "assets".* FROM "assets" WHERE ("assets".post_id = 2)
Rendered posts/show.html.erb within layouts/application (28.7ms)
Completed 200 OK in 45ms (Views: 33.0ms | ActiveRecord: 1.0ms)


Started POST "/posts" for 127.0.0.1 at 2012-03-31 20:16:46 -0400
  Processing by PostsController#create as HTML
  Parameters: {"utf8"=>"✓", "authenticity_token"=>"G9hXEvvCvepDQB1Et8DdRvUEjGSfOM43FeXNGIurmb4=", "post"=>{"title"=>"", "content"=>"", "assets_attributes"=>{"0"=>{"asset"=>#<ActionDispatch::Http::UploadedFile:0x007ffd1cb42320 @original_filename="1440x900_zixpk_hd_wallpaper_215.jpg", @content_type="image/jpeg", @headers="Content-Disposition: form-data; name=\"post[assets_attributes][0][asset]\"; filename=\"1440x900_zixpk_hd_wallpaper_215.jpg\"\r\nContent-Type: image/jpeg\r\n", @tempfile=#<File:/var/folders/tt/_pyrwdsx0rb0jt9w9w745bgw0000gn/T/RackMultipart20120331-4679-n1b4vv>>}}}, "commit"=>"Create Post"}
[paperclip] identify -format %wx%h '/var/folders/tt/_pyrwdsx0rb0jt9w9w745bgw0000gn/T/stream20120331-4679-wrdi0a.jpg[0]' 2>/dev/null
[paperclip] convert '/var/folders/tt/_pyrwdsx0rb0jt9w9w745bgw0000gn/T/stream20120331-4679-wrdi0a.jpg[0]' -resize "640x480" '/var/folders/tt/_pyrwdsx0rb0jt9w9w745bgw0000gn/T/stream20120331-4679-wrdi0a20120331-4679-1s9vnez' 2>/dev/null
[paperclip] identify -format %wx%h '/var/folders/tt/_pyrwdsx0rb0jt9w9w745bgw0000gn/T/stream20120331-4679-wrdi0a.jpg[0]' 2>/dev/null
[paperclip] convert '/var/folders/tt/_pyrwdsx0rb0jt9w9w745bgw0000gn/T/stream20120331-4679-wrdi0a.jpg[0]' -resize "300x300>" '/var/folders/tt/_pyrwdsx0rb0jt9w9w745bgw0000gn/T/stream20120331-4679-wrdi0a20120331-4679-14m8yd8' 2>/dev/null
[paperclip] identify -format %wx%h '/var/folders/tt/_pyrwdsx0rb0jt9w9w745bgw0000gn/T/stream20120331-4679-wrdi0a.jpg[0]' 2>/dev/null
[paperclip] convert '/var/folders/tt/_pyrwdsx0rb0jt9w9w745bgw0000gn/T/stream20120331-4679-wrdi0a.jpg[0]' -resize "100x100>" '/var/folders/tt/_pyrwdsx0rb0jt9w9w745bgw0000gn/T/stream20120331-4679-wrdi0a20120331-4679-3rx6oj' 2>/dev/null
  [1m[36mAREL (0.6ms)[0m  [1mINSERT INTO "posts" ("title", "content", "created_at", "updated_at") VALUES ('', '', '2012-04-01 00:16:46.967092', '2012-04-01 00:16:46.967092')[0m
  [1m[35mAREL (0.1ms)[0m  INSERT INTO "assets" ("asset_file_name", "asset_content_type", "asset_file_size", "asset_updated_at", "post_id", "created_at", "updated_at") VALUES ('1440x900_zixpk_hd_wallpaper_215.jpg', 'image/jpeg', 356230, '2012-04-01 00:16:46.504643', 3, '2012-04-01 00:16:46.976093', '2012-04-01 00:16:46.976093')
[paperclip] Saving attachments.
[paperclip] saving /Volumes/dsumlin/rails_projects/starscream/public/system/assets/3/original/1440x900_zixpk_hd_wallpaper_215.jpg
[paperclip] saving /Volumes/dsumlin/rails_projects/starscream/public/system/assets/3/large/1440x900_zixpk_hd_wallpaper_215.jpg
[paperclip] saving /Volumes/dsumlin/rails_projects/starscream/public/system/assets/3/medium/1440x900_zixpk_hd_wallpaper_215.jpg
[paperclip] saving /Volumes/dsumlin/rails_projects/starscream/public/system/assets/3/thumb/1440x900_zixpk_hd_wallpaper_215.jpg
Redirected to http://localhost:3000/posts/3
Completed 302 Found in 546ms


Started GET "/posts/3" for 127.0.0.1 at 2012-03-31 20:16:47 -0400
  Processing by PostsController#show as HTML
  Parameters: {"id"=>"3"}
  [1m[36mPost Load (0.1ms)[0m  [1mSELECT "posts".* FROM "posts" WHERE ("posts"."id" = 3) LIMIT 1[0m
  [1m[35mAsset Load (0.2ms)[0m  SELECT "assets".* FROM "assets" WHERE ("assets".post_id = 3)
Rendered posts/show.html.erb within layouts/application (30.2ms)
Completed 200 OK in 43ms (Views: 33.3ms | ActiveRecord: 1.1ms)


Started POST "/posts" for 127.0.0.1 at 2012-03-31 20:16:58 -0400
  Processing by PostsController#create as HTML
  Parameters: {"utf8"=>"✓", "authenticity_token"=>"G9hXEvvCvepDQB1Et8DdRvUEjGSfOM43FeXNGIurmb4=", "post"=>{"title"=>"", "content"=>"", "assets_attributes"=>{"1"=>{"asset"=>#<ActionDispatch::Http::UploadedFile:0x007ffd1c977360 @original_filename="4699508_f243_625x625.jpg", @content_type="image/jpeg", @headers="Content-Disposition: form-data; name=\"post[assets_attributes][1][asset]\"; filename=\"4699508_f243_625x625.jpg\"\r\nContent-Type: image/jpeg\r\n", @tempfile=#<File:/var/folders/tt/_pyrwdsx0rb0jt9w9w745bgw0000gn/T/RackMultipart20120331-4679-nctto7>>}}}, "commit"=>"Create Post"}
[paperclip] identify -format %wx%h '/var/folders/tt/_pyrwdsx0rb0jt9w9w745bgw0000gn/T/stream20120331-4679-1b4y0ak.jpg[0]' 2>/dev/null
[paperclip] convert '/var/folders/tt/_pyrwdsx0rb0jt9w9w745bgw0000gn/T/stream20120331-4679-1b4y0ak.jpg[0]' -resize "640x480" '/var/folders/tt/_pyrwdsx0rb0jt9w9w745bgw0000gn/T/stream20120331-4679-1b4y0ak20120331-4679-1pu0go7' 2>/dev/null
[paperclip] identify -format %wx%h '/var/folders/tt/_pyrwdsx0rb0jt9w9w745bgw0000gn/T/stream20120331-4679-1b4y0ak.jpg[0]' 2>/dev/null
[paperclip] convert '/var/folders/tt/_pyrwdsx0rb0jt9w9w745bgw0000gn/T/stream20120331-4679-1b4y0ak.jpg[0]' -resize "300x300>" '/var/folders/tt/_pyrwdsx0rb0jt9w9w745bgw0000gn/T/stream20120331-4679-1b4y0ak20120331-4679-162a4gc' 2>/dev/null
[paperclip] identify -format %wx%h '/var/folders/tt/_pyrwdsx0rb0jt9w9w745bgw0000gn/T/stream20120331-4679-1b4y0ak.jpg[0]' 2>/dev/null
[paperclip] convert '/var/folders/tt/_pyrwdsx0rb0jt9w9w745bgw0000gn/T/stream20120331-4679-1b4y0ak.jpg[0]' -resize "100x100>" '/var/folders/tt/_pyrwdsx0rb0jt9w9w745bgw0000gn/T/stream20120331-4679-1b4y0ak20120331-4679-9roiuk' 2>/dev/null
  [1m[36mAREL (0.5ms)[0m  [1mINSERT INTO "posts" ("title", "content", "created_at", "updated_at") VALUES ('', '', '2012-04-01 00:16:58.788542', '2012-04-01 00:16:58.788542')[0m
  [1m[35mAREL (0.1ms)[0m  INSERT INTO "assets" ("asset_file_name", "asset_content_type", "asset_file_size", "asset_updated_at", "post_id", "created_at", "updated_at") VALUES ('4699508_f243_625x625.jpg', 'image/jpeg', 36703, '2012-04-01 00:16:58.587711', 4, '2012-04-01 00:16:58.794859', '2012-04-01 00:16:58.794859')
[paperclip] Saving attachments.
[paperclip] saving /Volumes/dsumlin/rails_projects/starscream/public/system/assets/4/original/4699508_f243_625x625.jpg
[paperclip] saving /Volumes/dsumlin/rails_projects/starscream/public/system/assets/4/large/4699508_f243_625x625.jpg
[paperclip] saving /Volumes/dsumlin/rails_projects/starscream/public/system/assets/4/medium/4699508_f243_625x625.jpg
[paperclip] saving /Volumes/dsumlin/rails_projects/starscream/public/system/assets/4/thumb/4699508_f243_625x625.jpg
Redirected to http://localhost:3000/posts/4
Completed 302 Found in 289ms


Started GET "/posts/4" for 127.0.0.1 at 2012-03-31 20:16:58 -0400
  Processing by PostsController#show as HTML
  Parameters: {"id"=>"4"}
  [1m[36mPost Load (0.1ms)[0m  [1mSELECT "posts".* FROM "posts" WHERE ("posts"."id" = 4) LIMIT 1[0m
  [1m[35mAsset Load (0.3ms)[0m  SELECT "assets".* FROM "assets" WHERE ("assets".post_id = 4)
Rendered posts/show.html.erb within layouts/application (43.9ms)
Completed 200 OK in 56ms (Views: 46.4ms | ActiveRecord: 1.1ms)


Started POST "/posts/4" for 127.0.0.1 at 2012-03-31 20:17:03 -0400
  Processing by PostsController#destroy as HTML
  Parameters: {"authenticity_token"=>"G9hXEvvCvepDQB1Et8DdRvUEjGSfOM43FeXNGIurmb4=", "id"=>"4"}
  [1m[36mPost Load (0.3ms)[0m  [1mSELECT "posts".* FROM "posts" WHERE ("posts"."id" = 4) LIMIT 1[0m
  [1m[35mAREL (0.5ms)[0m  DELETE FROM "posts" WHERE ("posts"."id" = 4)
Redirected to http://localhost:3000/posts
Completed 302 Found in 100ms


Started GET "/posts" for 127.0.0.1 at 2012-03-31 20:17:03 -0400
  Processing by PostsController#index as HTML
  [1m[36mPost Load (0.4ms)[0m  [1mSELECT "posts".* FROM "posts"[0m
Rendered posts/index.html.erb within layouts/application (25.3ms)
Completed 200 OK in 37ms (Views: 28.3ms | ActiveRecord: 1.2ms)


Started GET "/posts" for 127.0.0.1 at 2012-03-31 20:23:41 -0400
  Processing by PostsController#index as HTML
  [1m[35mPost Load (0.4ms)[0m  SELECT "posts".* FROM "posts"
Rendered posts/index.html.erb within layouts/application (10.1ms)
Completed 200 OK in 21ms (Views: 12.9ms | ActiveRecord: 0.4ms)


Started GET "/posts" for 127.0.0.1 at 2012-03-31 20:33:06 -0400
  Processing by PostsController#index as HTML
  [1m[36mPost Load (0.5ms)[0m  [1mSELECT "posts".* FROM "posts"[0m
Rendered posts/index.html.erb within layouts/application (27.3ms)
Completed 200 OK in 41ms (Views: 31.1ms | ActiveRecord: 0.5ms)


Started GET "/posts/new" for 127.0.0.1 at 2012-03-31 20:33:08 -0400
  Processing by PostsController#new as HTML
DEPRECATION WARNING: <% %> style block helpers are deprecated. Please use <%= %>. (called from block in _app_views_posts__form_html_erb__2669940628417508754_70362525523680_2547220339662859237 at /Volumes/dsumlin/rails_projects/starscream/app/views/posts/_form.html.erb:14)
DEPRECATION WARNING: <% %> style block helpers are deprecated. Please use <%= %>. (called from block in _app_views_posts__form_html_erb__2669940628417508754_70362525523680_2547220339662859237 at /Volumes/dsumlin/rails_projects/starscream/app/views/posts/_form.html.erb:27)
Rendered posts/_form.html.erb (4.2ms)
Rendered posts/new.html.erb within layouts/application (7.1ms)
Completed 200 OK in 42ms (Views: 10.3ms | ActiveRecord: 0.0ms)
